TN:
SF:/Library/Developer/CommandLineTools/usr/include/c++/v1/__locale
FN:232,_ZNSt3__1L9use_facetINS_5ctypeIcEEEERKT_RKNS_6localeE
FN:647,_ZNKSt3__15ctypeIcE5widenEc
FNDA:41,_ZNSt3__1L9use_facetINS_5ctypeIcEEEERKT_RKNS_6localeE
FNDA:41,_ZNKSt3__15ctypeIcE5widenEc
FNF:2
FNH:2
DA:234,41
DA:649,41
LF:2
LH:2
end_of_record
SF:/Library/Developer/CommandLineTools/usr/include/c++/v1/__string
FN:208,_ZNSt3__111char_traitsIcE6assignERcRKc
FN:209,_ZNSt3__111char_traitsIcE2eqEcc
FN:217,_ZNSt3__111char_traitsIcE6lengthEPKc
FN:230,_ZNSt3__111char_traitsIcE7not_eofEi
FN:232,_ZNSt3__111char_traitsIcE12to_char_typeEi
FN:234,_ZNSt3__111char_traitsIcE11to_int_typeEc
FN:236,_ZNSt3__111char_traitsIcE11eq_int_typeEii
FN:238,_ZNSt3__111char_traitsIcE3eofEv
FNDA:821,_ZNSt3__111char_traitsIcE6assignERcRKc
FNDA:0,_ZNSt3__111char_traitsIcE2eqEcc
FNDA:81,_ZNSt3__111char_traitsIcE6lengthEPKc
FNDA:0,_ZNSt3__111char_traitsIcE7not_eofEi
FNDA:0,_ZNSt3__111char_traitsIcE12to_char_typeEi
FNDA:64,_ZNSt3__111char_traitsIcE11to_int_typeEc
FNDA:477,_ZNSt3__111char_traitsIcE11eq_int_typeEii
FNDA:533,_ZNSt3__111char_traitsIcE3eofEv
FNF:8
FNH:5
DA:208,821
DA:210,0
DA:217,81
DA:231,0
DA:233,0
DA:235,64
DA:237,477
DA:239,1066
LF:8
LH:5
end_of_record
SF:/Library/Developer/CommandLineTools/usr/include/c++/v1/algorithm
FN:721,_ZNKSt3__16__lessIPcS1_EclERKS1_S4_
FN:2625,_ZNSt3__1L3maxIPcNS_6__lessIS1_S1_EEEERKT_S6_S6_T0_
FN:2633,_ZNSt3__1L3maxIPcEERKT_S4_S4_
FNDA:64,_ZNKSt3__16__lessIPcS1_EclERKS1_S4_
FNDA:64,_ZNSt3__1L3maxIPcNS_6__lessIS1_S1_EEEERKT_S6_S6_T0_
FNDA:64,_ZNSt3__1L3maxIPcEERKT_S4_S4_
FNF:3
FNH:3
DA:721,64
DA:2627,192
DA:2635,64
LF:3
LH:3
end_of_record
SF:/Library/Developer/CommandLineTools/usr/include/c++/v1/ios
FN:336,_ZNSt3__18ios_baseC2Ev
FN:340,_ZNKSt3__18ios_base5rdbufEv
FN:440,_ZNKSt3__18ios_base5flagsEv
FN:502,_ZNKSt3__18ios_base5widthEv
FN:509,_ZNSt3__18ios_base5widthEl
FN:527,_ZNSt3__18ios_base8setstateEj
FN:614,_ZNSt3__19basic_iosIcNS_11char_traitsIcEEE8setstateEj
FN:656,_ZNSt3__19basic_iosIcNS_11char_traitsIcEEEC2Ev
FN:691,_ZNSt3__19basic_iosIcNS_11char_traitsIcEEE4initEPNS_15basic_streambufIcS2_EE
FN:719,_ZNKSt3__19basic_iosIcNS_11char_traitsIcEEE5rdbufEv
FN:757,_ZNKSt3__19basic_iosIcNS_11char_traitsIcEEE5widenEc
FN:765,_ZNKSt3__19basic_iosIcNS_11char_traitsIcEEE4fillEv
FNDA:0,_ZNSt3__18ios_baseC2Ev
FNDA:413,_ZNKSt3__18ios_base5rdbufEv
FNDA:413,_ZNKSt3__18ios_base5flagsEv
FNDA:413,_ZNKSt3__18ios_base5widthEv
FNDA:413,_ZNSt3__18ios_base5widthEl
FNDA:0,_ZNSt3__18ios_base8setstateEj
FNDA:0,_ZNSt3__19basic_iosIcNS_11char_traitsIcEEE8setstateEj
FNDA:0,_ZNSt3__19basic_iosIcNS_11char_traitsIcEEEC2Ev
FNDA:0,_ZNSt3__19basic_iosIcNS_11char_traitsIcEEE4initEPNS_15basic_streambufIcS2_EE
FNDA:413,_ZNKSt3__19basic_iosIcNS_11char_traitsIcEEE5rdbufEv
FNDA:41,_ZNKSt3__19basic_iosIcNS_11char_traitsIcEEE5widenEc
FNDA:413,_ZNKSt3__19basic_iosIcNS_11char_traitsIcEEE4fillEv
FNF:12
FNH:7
DA:336,0
DA:337,0
DA:340,413
DA:442,413
DA:504,413
DA:511,413
DA:512,413
DA:513,413
DA:529,0
DA:530,0
DA:614,0
DA:656,0
DA:657,0
DA:693,0
DA:694,0
DA:695,0
DA:696,0
DA:721,413
DA:759,123
DA:760,0
DA:767,413
DA:768,41
DA:769,413
LF:23
LH:11
end_of_record
SF:/Library/Developer/CommandLineTools/usr/include/c++/v1/iosfwd
FN:117,_ZNSt3__115basic_stringbufIcNS_11char_traitsIcEENS_9allocatorIcEEED0Ev
FN:117,_ZNSt3__115basic_stringbufIcNS_11char_traitsIcEENS_9allocatorIcEEED1Ev
FN:117,_ZNSt3__115basic_stringbufIcNS_11char_traitsIcEENS_9allocatorIcEEED2Ev
FN:126,_ZNSt3__118basic_stringstreamIcNS_11char_traitsIcEENS_9allocatorIcEEED2Ev
FN:126,_ZNSt3__118basic_stringstreamIcNS_11char_traitsIcEENS_9allocatorIcEEED1Ev
FN:126,_ZNSt3__118basic_stringstreamIcNS_11char_traitsIcEENS_9allocatorIcEEED0Ev
FNDA:56,_ZNSt3__115basic_stringbufIcNS_11char_traitsIcEENS_9allocatorIcEEED1Ev
FNDA:0,_ZNSt3__115basic_stringbufIcNS_11char_traitsIcEENS_9allocatorIcEEED0Ev
FNDA:56,_ZNSt3__115basic_stringbufIcNS_11char_traitsIcEENS_9allocatorIcEEED2Ev
FNDA:56,_ZNSt3__118basic_stringstreamIcNS_11char_traitsIcEENS_9allocatorIcEEED1Ev
FNDA:56,_ZNSt3__118basic_stringstreamIcNS_11char_traitsIcEENS_9allocatorIcEEED0Ev
FNDA:56,_ZNSt3__118basic_stringstreamIcNS_11char_traitsIcEENS_9allocatorIcEEED2Ev
FNF:6
FNH:5
DA:117,112
DA:126,168
LF:2
LH:2
end_of_record
SF:/Library/Developer/CommandLineTools/usr/include/c++/v1/istream
FN:190,_ZNSt3__113basic_istreamIcNS_11char_traitsIcEEEC2EPNS_15basic_streambufIcS2_EE
FN:1242,_ZNSt3__114basic_iostreamIcNS_11char_traitsIcEEEC2EPNS_15basic_streambufIcS2_EE
FNDA:0,_ZNSt3__113basic_istreamIcNS_11char_traitsIcEEEC2EPNS_15basic_streambufIcS2_EE
FNDA:0,_ZNSt3__114basic_iostreamIcNS_11char_traitsIcEEEC2EPNS_15basic_streambufIcS2_EE
FNF:2
FNH:0
DA:190,0
DA:191,0
DA:1242,0
DA:1243,0
DA:1244,0
LF:5
LH:0
end_of_record
SF:/Library/Developer/CommandLineTools/usr/include/c++/v1/iterator
FN:582,_ZNSt3__1L10__distanceIPcEENS_15iterator_traitsIT_E15difference_typeES3_S3_NS_26random_access_iterator_tagE
FN:590,_ZNSt3__1L8distanceIPcEENS_15iterator_traitsIT_E15difference_typeES3_S3_
FN:1049,_ZNSt3__119ostreambuf_iteratorIcNS_11char_traitsIcEEEC2ERNS_13basic_ostreamIcS2_EE
FN:1049,_ZNSt3__119ostreambuf_iteratorIcNS_11char_traitsIcEEEC1ERNS_13basic_ostreamIcS2_EE
FN:1062,_ZNKSt3__119ostreambuf_iteratorIcNS_11char_traitsIcEEE6failedEv
FNDA:56,_ZNSt3__1L10__distanceIPcEENS_15iterator_traitsIT_E15difference_typeES3_S3_NS_26random_access_iterator_tagE
FNDA:56,_ZNSt3__1L8distanceIPcEENS_15iterator_traitsIT_E15difference_typeES3_S3_
FNDA:413,_ZNSt3__119ostreambuf_iteratorIcNS_11char_traitsIcEEEC1ERNS_13basic_ostreamIcS2_EE
FNDA:413,_ZNSt3__119ostreambuf_iteratorIcNS_11char_traitsIcEEEC2ERNS_13basic_ostreamIcS2_EE
FNDA:413,_ZNKSt3__119ostreambuf_iteratorIcNS_11char_traitsIcEEE6failedEv
FNF:5
FNH:5
DA:584,56
DA:592,56
DA:1050,1239
DA:1062,413
LF:4
LH:4
end_of_record
SF:/Library/Developer/CommandLineTools/usr/include/c++/v1/locale
FN:1382,_ZNSt3__116__pad_and_outputIcNS_11char_traitsIcEEEENS_19ostreambuf_iteratorIT_T0_EES6_PKS4_S8_S8_RNS_8ios_baseES4_
FNDA:413,_ZNSt3__116__pad_and_outputIcNS_11char_traitsIcEEEENS_19ostreambuf_iteratorIT_T0_EES6_PKS4_S8_S8_RNS_8ios_baseES4_
FNF:1
FNH:1
DA:1386,413
DA:1387,0
DA:1388,413
DA:1389,413
DA:1390,413
DA:1391,0
DA:1393,413
DA:1394,413
DA:1395,413
DA:1397,0
DA:1399,0
DA:1400,0
DA:1402,0
DA:1403,413
DA:1405,0
DA:1406,0
DA:1408,0
DA:1409,0
DA:1411,0
DA:1412,413
DA:1413,413
DA:1415,413
DA:1417,0
DA:1418,0
DA:1420,413
DA:1421,413
DA:1422,413
DA:1423,413
LF:28
LH:15
end_of_record
SF:/Library/Developer/CommandLineTools/usr/include/c++/v1/memory
FN:987,_ZNSt3__114pointer_traitsIPKcE10pointer_toERS1_
FN:987,_ZNSt3__114pointer_traitsIPcE10pointer_toERc
FN:1105,_ZNSt3__1L16__to_raw_pointerIKcEEPT_S3_
FN:1545,_ZNSt3__116allocator_traitsINS_9allocatorIcEEE8allocateERS2_m
FN:1598,_ZNSt3__116allocator_traitsINS_9allocatorIcEEE8max_sizeERKS2_
FN:1751,_ZNSt3__116allocator_traitsINS_9allocatorIcEEE10__max_sizeENS_17integral_constantIbLb1EEERKS2_
FN:1797,_ZNSt3__19allocatorIcEC2Ev
FN:1808,_ZNSt3__19allocatorIcE8allocateEmPKv
FN:1817,_ZNKSt3__19allocatorIcE8max_sizeEv
FN:2139,_ZNSt3__122__compressed_pair_elemINS_12basic_stringIcNS_11char_traitsIcEENS_9allocatorIcEEE5__repELi0ELb0EEC2Ev
FN:2160,_ZNSt3__122__compressed_pair_elemINS_12basic_stringIcNS_11char_traitsIcEENS_9allocatorIcEEE5__repELi0ELb0EE5__getEv
FN:2160,_ZNSt3__122__compressed_pair_elemIPNS_12basic_stringIcNS_11char_traitsIcEENS_9allocatorIcEEEELi0ELb0EE5__getEv
FN:2160,_ZNSt3__122__compressed_pair_elemIPNS_18basic_stringstreamIcNS_11char_traitsIcEENS_9allocatorIcEEEELi0ELb0EE5__getEv
FN:2162,_ZNKSt3__122__compressed_pair_elemIPNS_12basic_stringIcNS_11char_traitsIcEENS_9allocatorIcEEEELi0ELb0EE5__getEv
FN:2162,_ZNKSt3__122__compressed_pair_elemINS_12basic_stringIcNS_11char_traitsIcEENS_9allocatorIcEEE5__repELi0ELb0EE5__getEv
FN:2176,_ZNSt3__122__compressed_pair_elemINS_9allocatorIcEELi1ELb1EEC2Ev
FN:2183,_ZNSt3__122__compressed_pair_elemINS_9allocatorIcEELi1ELb1EEC2IRKS2_vEEOT_
FN:2198,_ZNSt3__122__compressed_pair_elemINS_14default_deleteINS_12basic_stringIcNS_11char_traitsIcEENS_9allocatorIcEEEEEELi1ELb1EE5__getEv
FN:2198,_ZNSt3__122__compressed_pair_elemINS_14default_deleteINS_18basic_stringstreamIcNS_11char_traitsIcEENS_9allocatorIcEEEEEELi1ELb1EE5__getEv
FN:2198,_ZNSt3__122__compressed_pair_elemINS_9allocatorIcEELi1ELb1EE5__getEv
FN:2200,_ZNKSt3__122__compressed_pair_elemINS_9allocatorIcEELi1ELb1EE5__getEv
FN:2230,_ZNSt3__117__compressed_pairINS_12basic_stringIcNS_11char_traitsIcEENS_9allocatorIcEEE5__repES5_EC2ILb1EvEEv
FN:2230,_ZNSt3__117__compressed_pairINS_12basic_stringIcNS_11char_traitsIcEENS_9allocatorIcEEE5__repES5_EC1ILb1EvEEv
FN:2241,_ZNSt3__117__compressed_pairINS_12basic_stringIcNS_11char_traitsIcEENS_9allocatorIcEEE5__repES5_EC2IRKS5_EENS_12__second_tagEOT_
FN:2241,_ZNSt3__117__compressed_pairINS_12basic_stringIcNS_11char_traitsIcEENS_9allocatorIcEEE5__repES5_EC1IRKS5_EENS_12__second_tagEOT_
FN:2275,_ZNSt3__117__compressed_pairIPNS_12basic_stringIcNS_11char_traitsIcEENS_9allocatorIcEEEENS_14default_deleteIS6_EEE5firstEv
FN:2275,_ZNSt3__117__compressed_pairINS_12basic_stringIcNS_11char_traitsIcEENS_9allocatorIcEEE5__repES5_E5firstEv
FN:2275,_ZNSt3__117__compressed_pairIPNS_18basic_stringstreamIcNS_11char_traitsIcEENS_9allocatorIcEEEENS_14default_deleteIS6_EEE5firstEv
FN:2280,_ZNKSt3__117__compressed_pairINS_12basic_stringIcNS_11char_traitsIcEENS_9allocatorIcEEE5__repES5_E5firstEv
FN:2280,_ZNKSt3__117__compressed_pairIPNS_12basic_stringIcNS_11char_traitsIcEENS_9allocatorIcEEEENS_14default_deleteIS6_EEE5firstEv
FN:2285,_ZNSt3__117__compressed_pairIPNS_12basic_stringIcNS_11char_traitsIcEENS_9allocatorIcEEEENS_14default_deleteIS6_EEE6secondEv
FN:2285,_ZNSt3__117__compressed_pairIPNS_18basic_stringstreamIcNS_11char_traitsIcEENS_9allocatorIcEEEENS_14default_deleteIS6_EEE6secondEv
FN:2285,_ZNSt3__117__compressed_pairINS_12basic_stringIcNS_11char_traitsIcEENS_9allocatorIcEEE5__repES5_E6secondEv
FN:2290,_ZNKSt3__117__compressed_pairINS_12basic_stringIcNS_11char_traitsIcEENS_9allocatorIcEEE5__repES5_E6secondEv
FN:2330,_ZNKSt3__114default_deleteINS_12basic_stringIcNS_11char_traitsIcEENS_9allocatorIcEEEEEclEPS6_
FN:2330,_ZNKSt3__114default_deleteINS_18basic_stringstreamIcNS_11char_traitsIcEENS_9allocatorIcEEEEEclEPS6_
FN:2602,_ZNSt3__110unique_ptrINS_18basic_stringstreamIcNS_11char_traitsIcEENS_9allocatorIcEEEENS_14default_deleteIS6_EEED1Ev
FN:2602,_ZNSt3__110unique_ptrINS_12basic_stringIcNS_11char_traitsIcEENS_9allocatorIcEEEENS_14default_deleteIS6_EEED2Ev
FN:2602,_ZNSt3__110unique_ptrINS_12basic_stringIcNS_11char_traitsIcEENS_9allocatorIcEEEENS_14default_deleteIS6_EEED1Ev
FN:2602,_ZNSt3__110unique_ptrINS_18basic_stringstreamIcNS_11char_traitsIcEENS_9allocatorIcEEEENS_14default_deleteIS6_EEED2Ev
FN:2616,_ZNKSt3__110unique_ptrINS_12basic_stringIcNS_11char_traitsIcEENS_9allocatorIcEEEENS_14default_deleteIS6_EEEptEv
FN:2620,_ZNKSt3__110unique_ptrINS_12basic_stringIcNS_11char_traitsIcEENS_9allocatorIcEEEENS_14default_deleteIS6_EEE3getEv
FN:2644,_ZNSt3__110unique_ptrINS_12basic_stringIcNS_11char_traitsIcEENS_9allocatorIcEEEENS_14default_deleteIS6_EEE5resetEPS6_
FN:2644,_ZNSt3__110unique_ptrINS_18basic_stringstreamIcNS_11char_traitsIcEENS_9allocatorIcEEEENS_14default_deleteIS6_EEE5resetEPS6_
FNDA:112,_ZNSt3__114pointer_traitsIPKcE10pointer_toERS1_
FNDA:48,_ZNSt3__114pointer_traitsIPcE10pointer_toERc
FNDA:128,_ZNSt3__1L16__to_raw_pointerIKcEEPT_S3_
FNDA:8,_ZNSt3__116allocator_traitsINS_9allocatorIcEEE8allocateERS2_m
FNDA:56,_ZNSt3__116allocator_traitsINS_9allocatorIcEEE8max_sizeERKS2_
FNDA:56,_ZNSt3__116allocator_traitsINS_9allocatorIcEEE10__max_sizeENS_17integral_constantIbLb1EEERKS2_
FNDA:3,_ZNSt3__19allocatorIcEC2Ev
FNDA:8,_ZNSt3__19allocatorIcE8allocateEmPKv
FNDA:64,_ZNKSt3__19allocatorIcE8max_sizeEv
FNDA:59,_ZNSt3__122__compressed_pair_elemINS_12basic_stringIcNS_11char_traitsIcEENS_9allocatorIcEEE5__repELi0ELb0EEC2Ev
FNDA:112,_ZNSt3__122__compressed_pair_elemIPNS_18basic_stringstreamIcNS_11char_traitsIcEENS_9allocatorIcEEEELi0ELb0EE5__getEv
FNDA:14,_ZNSt3__122__compressed_pair_elemIPNS_12basic_stringIcNS_11char_traitsIcEENS_9allocatorIcEEEELi0ELb0EE5__getEv
FNDA:120,_ZNSt3__122__compressed_pair_elemINS_12basic_stringIcNS_11char_traitsIcEENS_9allocatorIcEEE5__repELi0ELb0EE5__getEv
FNDA:0,_ZNKSt3__122__compressed_pair_elemIPNS_12basic_stringIcNS_11char_traitsIcEENS_9allocatorIcEEEELi0ELb0EE5__getEv
FNDA:456,_ZNKSt3__122__compressed_pair_elemINS_12basic_stringIcNS_11char_traitsIcEENS_9allocatorIcEEE5__repELi0ELb0EE5__getEv
FNDA:3,_ZNSt3__122__compressed_pair_elemINS_9allocatorIcEELi1ELb1EEC2Ev
FNDA:56,_ZNSt3__122__compressed_pair_elemINS_9allocatorIcEELi1ELb1EEC2IRKS2_vEEOT_
FNDA:56,_ZNSt3__122__compressed_pair_elemINS_14default_deleteINS_18basic_stringstreamIcNS_11char_traitsIcEENS_9allocatorIcEEEEEELi1ELb1EE5__getEv
FNDA:0,_ZNSt3__122__compressed_pair_elemINS_14default_deleteINS_12basic_stringIcNS_11char_traitsIcEENS_9allocatorIcEEEEEELi1ELb1EE5__getEv
FNDA:8,_ZNSt3__122__compressed_pair_elemINS_9allocatorIcEELi1ELb1EE5__getEv
FNDA:112,_ZNKSt3__122__compressed_pair_elemINS_9allocatorIcEELi1ELb1EE5__getEv
FNDA:3,_ZNSt3__117__compressed_pairINS_12basic_stringIcNS_11char_traitsIcEENS_9allocatorIcEEE5__repES5_EC1ILb1EvEEv
FNDA:3,_ZNSt3__117__compressed_pairINS_12basic_stringIcNS_11char_traitsIcEENS_9allocatorIcEEE5__repES5_EC2ILb1EvEEv
FNDA:56,_ZNSt3__117__compressed_pairINS_12basic_stringIcNS_11char_traitsIcEENS_9allocatorIcEEE5__repES5_EC1IRKS5_EENS_12__second_tagEOT_
FNDA:56,_ZNSt3__117__compressed_pairINS_12basic_stringIcNS_11char_traitsIcEENS_9allocatorIcEEE5__repES5_EC2IRKS5_EENS_12__second_tagEOT_
FNDA:112,_ZNSt3__117__compressed_pairIPNS_18basic_stringstreamIcNS_11char_traitsIcEENS_9allocatorIcEEEENS_14default_deleteIS6_EEE5firstEv
FNDA:14,_ZNSt3__117__compressed_pairIPNS_12basic_stringIcNS_11char_traitsIcEENS_9allocatorIcEEEENS_14default_deleteIS6_EEE5firstEv
FNDA:120,_ZNSt3__117__compressed_pairINS_12basic_stringIcNS_11char_traitsIcEENS_9allocatorIcEEE5__repES5_E5firstEv
FNDA:0,_ZNKSt3__117__compressed_pairIPNS_12basic_stringIcNS_11char_traitsIcEENS_9allocatorIcEEEENS_14default_deleteIS6_EEE5firstEv
FNDA:456,_ZNKSt3__117__compressed_pairINS_12basic_stringIcNS_11char_traitsIcEENS_9allocatorIcEEE5__repES5_E5firstEv
FNDA:56,_ZNSt3__117__compressed_pairIPNS_18basic_stringstreamIcNS_11char_traitsIcEENS_9allocatorIcEEEENS_14default_deleteIS6_EEE6secondEv
FNDA:0,_ZNSt3__117__compressed_pairIPNS_12basic_stringIcNS_11char_traitsIcEENS_9allocatorIcEEEENS_14default_deleteIS6_EEE6secondEv
FNDA:8,_ZNSt3__117__compressed_pairINS_12basic_stringIcNS_11char_traitsIcEENS_9allocatorIcEEE5__repES5_E6secondEv
FNDA:112,_ZNKSt3__117__compressed_pairINS_12basic_stringIcNS_11char_traitsIcEENS_9allocatorIcEEE5__repES5_E6secondEv
FNDA:56,_ZNKSt3__114default_deleteINS_18basic_stringstreamIcNS_11char_traitsIcEENS_9allocatorIcEEEEEclEPS6_
FNDA:0,_ZNKSt3__114default_deleteINS_12basic_stringIcNS_11char_traitsIcEENS_9allocatorIcEEEEEclEPS6_
FNDA:56,_ZNSt3__110unique_ptrINS_18basic_stringstreamIcNS_11char_traitsIcEENS_9allocatorIcEEEENS_14default_deleteIS6_EEED1Ev
FNDA:56,_ZNSt3__110unique_ptrINS_18basic_stringstreamIcNS_11char_traitsIcEENS_9allocatorIcEEEENS_14default_deleteIS6_EEED2Ev
FNDA:7,_ZNSt3__110unique_ptrINS_12basic_stringIcNS_11char_traitsIcEENS_9allocatorIcEEEENS_14default_deleteIS6_EEED1Ev
FNDA:7,_ZNSt3__110unique_ptrINS_12basic_stringIcNS_11char_traitsIcEENS_9allocatorIcEEEENS_14default_deleteIS6_EEED2Ev
FNDA:0,_ZNKSt3__110unique_ptrINS_12basic_stringIcNS_11char_traitsIcEENS_9allocatorIcEEEENS_14default_deleteIS6_EEEptEv
FNDA:0,_ZNKSt3__110unique_ptrINS_12basic_stringIcNS_11char_traitsIcEENS_9allocatorIcEEEENS_14default_deleteIS6_EEE3getEv
FNDA:56,_ZNSt3__110unique_ptrINS_18basic_stringstreamIcNS_11char_traitsIcEENS_9allocatorIcEEEENS_14default_deleteIS6_EEE5resetEPS6_
FNDA:7,_ZNSt3__110unique_ptrINS_12basic_stringIcNS_11char_traitsIcEENS_9allocatorIcEEEENS_14default_deleteIS6_EEE5resetEPS6_
FNF:44
FNH:37
DA:989,160
DA:1107,128
DA:1546,8
DA:1599,56
DA:1752,56
DA:1797,3
DA:1810,8
DA:1811,0
DA:1813,8
DA:1818,64
DA:2139,59
DA:2160,246
DA:2162,456
DA:2176,3
DA:2184,56
DA:2198,64
DA:2200,112
DA:2230,6
DA:2242,112
DA:2276,246
DA:2281,456
DA:2286,64
DA:2291,112
DA:2335,112
DA:2336,56
DA:2602,126
DA:2617,0
DA:2621,0
DA:2645,63
DA:2646,63
DA:2647,63
DA:2648,56
DA:2649,63
LF:33
LH:30
end_of_record
SF:/Library/Developer/CommandLineTools/usr/include/c++/v1/new
FN:236,_ZNSt3__1L17__libcpp_allocateEmm
FNDA:8,_ZNSt3__1L17__libcpp_allocateEmm
FNF:1
FNH:1
DA:252,8
LF:1
LH:1
end_of_record
SF:/Library/Developer/CommandLineTools/usr/include/c++/v1/ostream
FN:236,_ZNSt3__113basic_ostreamIcNS_11char_traitsIcEEEC2Ev
FN:254,_ZNKSt3__113basic_ostreamIcNS_11char_traitsIcEEE6sentrycvbEv
FN:714,_ZNSt3__124__put_character_sequenceIcNS_11char_traitsIcEEEERNS_13basic_ostreamIT_T0_EES7_PKS4_m
FN:862,_ZNSt3__1lsINS_11char_traitsIcEEEERNS_13basic_ostreamIcT_EES6_PKc
FNDA:0,_ZNSt3__113basic_ostreamIcNS_11char_traitsIcEEEC2Ev
FNDA:413,_ZNKSt3__113basic_ostreamIcNS_11char_traitsIcEEE6sentrycvbEv
FNDA:413,_ZNSt3__124__put_character_sequenceIcNS_11char_traitsIcEEEERNS_13basic_ostreamIT_T0_EES7_PKS4_m
FNDA:41,_ZNSt3__1lsINS_11char_traitsIcEEEERNS_13basic_ostreamIcT_EES6_PKc
FNF:4
FNH:3
DA:236,0
DA:254,413
DA:721,413
DA:722,826
DA:725,1652
DA:726,413
DA:727,1652
DA:728,0
DA:729,413
DA:730,413
DA:731,413
DA:732,826
DA:733,0
DA:734,413
DA:736,413
DA:739,0
DA:740,0
DA:742,413
DA:743,0
DA:864,41
LF:20
LH:14
end_of_record
SF:/Library/Developer/CommandLineTools/usr/include/c++/v1/sstream
FN:242,_ZNSt3__115basic_stringbufIcNS_11char_traitsIcEENS_9allocatorIcEEEC1Ej
FN:242,_ZNSt3__115basic_stringbufIcNS_11char_traitsIcEENS_9allocatorIcEEEC2Ej
FN:439,_ZNKSt3__115basic_stringbufIcNS_11char_traitsIcEENS_9allocatorIcEEE3strEv
FN:487,_ZNSt3__115basic_stringbufIcNS_11char_traitsIcEENS_9allocatorIcEEE9underflowEv
FN:503,_ZNSt3__115basic_stringbufIcNS_11char_traitsIcEENS_9allocatorIcEEE9pbackfailEi
FN:527,_ZNSt3__115basic_stringbufIcNS_11char_traitsIcEENS_9allocatorIcEEE8overflowEi
FN:569,_ZNSt3__115basic_stringbufIcNS_11char_traitsIcEENS_9allocatorIcEEE7seekoffExNS_8ios_base7seekdirEj
FN:621,_ZNSt3__115basic_stringbufIcNS_11char_traitsIcEENS_9allocatorIcEEE7seekposENS_4fposI11__mbstate_tEEj
FN:909,_ZNSt3__118basic_stringstreamIcNS_11char_traitsIcEENS_9allocatorIcEEEC1Ej
FN:970,_ZNKSt3__118basic_stringstreamIcNS_11char_traitsIcEENS_9allocatorIcEEE3strEv
FNDA:0,_ZNSt3__115basic_stringbufIcNS_11char_traitsIcEENS_9allocatorIcEEEC1Ej
FNDA:0,_ZNSt3__115basic_stringbufIcNS_11char_traitsIcEENS_9allocatorIcEEEC2Ej
FNDA:56,_ZNKSt3__115basic_stringbufIcNS_11char_traitsIcEENS_9allocatorIcEEE3strEv
FNDA:0,_ZNSt3__115basic_stringbufIcNS_11char_traitsIcEENS_9allocatorIcEEE9underflowEv
FNDA:0,_ZNSt3__115basic_stringbufIcNS_11char_traitsIcEENS_9allocatorIcEEE9pbackfailEi
FNDA:64,_ZNSt3__115basic_stringbufIcNS_11char_traitsIcEENS_9allocatorIcEEE8overflowEi
FNDA:0,_ZNSt3__115basic_stringbufIcNS_11char_traitsIcEENS_9allocatorIcEEE7seekoffExNS_8ios_base7seekdirEj
FNDA:0,_ZNSt3__115basic_stringbufIcNS_11char_traitsIcEENS_9allocatorIcEEE7seekposENS_4fposI11__mbstate_tEEj
FNDA:0,_ZNSt3__118basic_stringstreamIcNS_11char_traitsIcEENS_9allocatorIcEEEC1Ej
FNDA:0,_ZNKSt3__118basic_stringstreamIcNS_11char_traitsIcEENS_9allocatorIcEEE3strEv
FNF:10
FNH:2
DA:213,0
DA:243,0
DA:244,0
DA:245,0
DA:246,0
DA:441,56
DA:443,56
DA:444,39
DA:445,56
DA:447,0
DA:448,0
DA:449,0
DA:450,56
DA:489,0
DA:490,0
DA:491,0
DA:493,0
DA:494,0
DA:495,0
DA:496,0
DA:497,0
DA:498,0
DA:499,0
DA:505,0
DA:506,0
DA:507,0
DA:509,0
DA:511,0
DA:512,0
DA:514,0
DA:515,0
DA:517,0
DA:518,0
DA:519,0
DA:521,0
DA:522,0
DA:523,0
DA:529,64
DA:531,64
DA:532,64
DA:534,64
DA:535,0
DA:540,192
DA:541,128
DA:542,64
DA:543,64
DA:544,64
DA:545,64
DA:546,64
DA:547,128
DA:549,64
DA:552,0
DA:553,0
DA:555,64
DA:556,64
DA:557,64
DA:559,64
DA:560,64
DA:561,64
DA:562,64
DA:564,0
DA:565,64
DA:573,0
DA:574,0
DA:575,0
DA:576,0
DA:577,0
DA:578,0
DA:579,0
DA:580,0
DA:582,0
DA:585,0
DA:586,0
DA:588,0
DA:589,0
DA:591,0
DA:592,0
DA:594,0
DA:595,0
DA:597,0
DA:599,0
DA:600,0
DA:601,0
DA:602,0
DA:604,0
DA:605,0
DA:606,0
DA:607,0
DA:608,0
DA:609,0
DA:610,0
DA:611,0
DA:613,0
DA:614,0
DA:615,0
DA:616,0
DA:617,0
DA:624,0
DA:885,0
DA:910,0
DA:911,0
DA:912,0
DA:913,0
DA:972,0
LF:104
LH:26
end_of_record
SF:/Library/Developer/CommandLineTools/usr/include/c++/v1/stdexcept
FN:136,_ZNSt12length_errorC2EPKc
FN:136,_ZNSt12length_errorC1EPKc
FN:222,_ZNSt3__1L20__throw_length_errorEPKc
FNDA:0,_ZNSt12length_errorC1EPKc
FNDA:0,_ZNSt12length_errorC2EPKc
FNDA:0,_ZNSt3__1L20__throw_length_errorEPKc
FNF:3
FNH:0
DA:136,0
DA:225,0
DA:230,0
LF:3
LH:0
end_of_record
SF:/Library/Developer/CommandLineTools/usr/include/c++/v1/streambuf
FN:221,_ZNSt3__115basic_streambufIcNS_11char_traitsIcEEE5sputcEc
FN:229,_ZNSt3__115basic_streambufIcNS_11char_traitsIcEEE5sputnEPKcl
FN:239,_ZNKSt3__115basic_streambufIcNS_11char_traitsIcEEE5ebackEv
FN:240,_ZNKSt3__115basic_streambufIcNS_11char_traitsIcEEE4gptrEv
FN:241,_ZNKSt3__115basic_streambufIcNS_11char_traitsIcEEE5egptrEv
FN:247,_ZNSt3__115basic_streambufIcNS_11char_traitsIcEEE4setgEPcS4_S4_
FN:254,_ZNKSt3__115basic_streambufIcNS_11char_traitsIcEEE5pbaseEv
FN:255,_ZNKSt3__115basic_streambufIcNS_11char_traitsIcEEE4pptrEv
FN:256,_ZNKSt3__115basic_streambufIcNS_11char_traitsIcEEE5epptrEv
FN:259,_ZNSt3__115basic_streambufIcNS_11char_traitsIcEEE5pbumpEi
FN:262,_ZNSt3__115basic_streambufIcNS_11char_traitsIcEEE7__pbumpEl
FN:265,_ZNSt3__115basic_streambufIcNS_11char_traitsIcEEE4setpEPcS4_
FNDA:64,_ZNSt3__115basic_streambufIcNS_11char_traitsIcEEE5sputcEc
FNDA:413,_ZNSt3__115basic_streambufIcNS_11char_traitsIcEEE5sputnEPKcl
FNDA:64,_ZNKSt3__115basic_streambufIcNS_11char_traitsIcEEE5ebackEv
FNDA:64,_ZNKSt3__115basic_streambufIcNS_11char_traitsIcEEE4gptrEv
FNDA:0,_ZNKSt3__115basic_streambufIcNS_11char_traitsIcEEE5egptrEv
FNDA:64,_ZNSt3__115basic_streambufIcNS_11char_traitsIcEEE4setgEPcS4_S4_
FNDA:248,_ZNKSt3__115basic_streambufIcNS_11char_traitsIcEEE5pbaseEv
FNDA:287,_ZNKSt3__115basic_streambufIcNS_11char_traitsIcEEE4pptrEv
FNDA:64,_ZNKSt3__115basic_streambufIcNS_11char_traitsIcEEE5epptrEv
FNDA:0,_ZNSt3__115basic_streambufIcNS_11char_traitsIcEEE5pbumpEi
FNDA:64,_ZNSt3__115basic_streambufIcNS_11char_traitsIcEEE7__pbumpEl
FNDA:64,_ZNSt3__115basic_streambufIcNS_11char_traitsIcEEE4setpEPcS4_
FNF:12
FNH:10
DA:222,64
DA:223,0
DA:224,64
DA:225,64
DA:226,64
DA:230,413
DA:239,64
DA:240,64
DA:241,0
DA:248,64
DA:249,64
DA:250,64
DA:251,64
DA:254,248
DA:255,287
DA:256,64
DA:259,0
DA:262,64
DA:266,64
DA:267,64
DA:268,64
LF:21
LH:18
end_of_record
SF:/Library/Developer/CommandLineTools/usr/include/c++/v1/string
FN:538,_ZNSt3__14fposI11__mbstate_tEC1Ex
FN:538,_ZNSt3__14fposI11__mbstate_tEC2Ex
FN:540,_ZNKSt3__14fposI11__mbstate_tEcvxEv
FN:811,_ZNSt3__112basic_stringIcNS_11char_traitsIcEENS_9allocatorIcEEEC1IDnEEPKc
FN:811,_ZNSt3__112basic_stringIcNS_11char_traitsIcEENS_9allocatorIcEEEC2IDnEEPKc
FN:940,_ZNKSt3__112basic_stringIcNS_11char_traitsIcEENS_9allocatorIcEEE4sizeEv
FN:944,_ZNKSt3__112basic_stringIcNS_11char_traitsIcEENS_9allocatorIcEEE8capacityEv
FN:949,_ZNSt3__112basic_stringIcNS_11char_traitsIcEENS_9allocatorIcEEE6resizeEm
FN:1226,_ZNKSt3__112basic_stringIcNS_11char_traitsIcEENS_9allocatorIcEEE5c_strEv
FN:1228,_ZNKSt3__112basic_stringIcNS_11char_traitsIcEENS_9allocatorIcEEE4dataEv
FN:1235,_ZNKSt3__112basic_stringIcNS_11char_traitsIcEENS_9allocatorIcEEE13get_allocatorEv
FN:1405,_ZNKSt3__112basic_stringIcNS_11char_traitsIcEENS_9allocatorIcEEE9__is_longEv
FN:1419,_ZNSt3__112basic_stringIcNS_11char_traitsIcEENS_9allocatorIcEEE7__allocEv
FN:1422,_ZNKSt3__112basic_stringIcNS_11char_traitsIcEENS_9allocatorIcEEE7__allocEv
FN:1446,_ZNSt3__112basic_stringIcNS_11char_traitsIcEENS_9allocatorIcEEE16__set_short_sizeEm
FN:1454,_ZNKSt3__112basic_stringIcNS_11char_traitsIcEENS_9allocatorIcEEE16__get_short_sizeEv
FN:1464,_ZNSt3__112basic_stringIcNS_11char_traitsIcEENS_9allocatorIcEEE15__set_long_sizeEm
FN:1467,_ZNKSt3__112basic_stringIcNS_11char_traitsIcEENS_9allocatorIcEEE15__get_long_sizeEv
FN:1474,_ZNSt3__112basic_stringIcNS_11char_traitsIcEENS_9allocatorIcEEE14__set_long_capEm
FN:1477,_ZNKSt3__112basic_stringIcNS_11char_traitsIcEENS_9allocatorIcEEE14__get_long_capEv
FN:1481,_ZNSt3__112basic_stringIcNS_11char_traitsIcEENS_9allocatorIcEEE18__set_long_pointerEPc
FN:1487,_ZNKSt3__112basic_stringIcNS_11char_traitsIcEENS_9allocatorIcEEE18__get_long_pointerEv
FN:1490,_ZNSt3__112basic_stringIcNS_11char_traitsIcEENS_9allocatorIcEEE19__get_short_pointerEv
FN:1493,_ZNKSt3__112basic_stringIcNS_11char_traitsIcEENS_9allocatorIcEEE19__get_short_pointerEv
FN:1499,_ZNKSt3__112basic_stringIcNS_11char_traitsIcEENS_9allocatorIcEEE13__get_pointerEv
FN:1503,_ZNSt3__112basic_stringIcNS_11char_traitsIcEENS_9allocatorIcEEE6__zeroEv
FN:1512,_ZNSt3__112basic_stringIcNS_11char_traitsIcEENS_9allocatorIcEEE10__align_itILm16EEEmm
FN:1516,_ZNSt3__112basic_stringIcNS_11char_traitsIcEENS_9allocatorIcEEE11__recommendEm
FN:1708,_ZNSt3__112basic_stringIcNS_11char_traitsIcEENS_9allocatorIcEEEC1Ev
FN:1708,_ZNSt3__112basic_stringIcNS_11char_traitsIcEENS_9allocatorIcEEEC2Ev
FN:1719,_ZNSt3__112basic_stringIcNS_11char_traitsIcEENS_9allocatorIcEEEC2ERKS4_
FN:1719,_ZNSt3__112basic_stringIcNS_11char_traitsIcEENS_9allocatorIcEEEC1ERKS4_
FN:1911,_ZNSt3__112basic_stringIcNS_11char_traitsIcEENS_9allocatorIcEEEC1Emc
FN:1911,_ZNSt3__112basic_stringIcNS_11char_traitsIcEENS_9allocatorIcEEEC2Emc
FN:2031,_ZNSt3__112basic_stringIcNS_11char_traitsIcEENS_9allocatorIcEEE6__initIPcEENS_9enable_ifIXsr21__is_forward_iteratorIT_EE5valueEvE4typeES9_S9_
FN:2069,_ZNSt3__112basic_stringIcNS_11char_traitsIcEENS_9allocatorIcEEEC1IPcEET_S8_RKS4_
FN:2069,_ZNSt3__112basic_stringIcNS_11char_traitsIcEENS_9allocatorIcEEEC2IPcEET_S8_RKS4_
FN:3076,_ZNKSt3__112basic_stringIcNS_11char_traitsIcEENS_9allocatorIcEEE8max_sizeEv
FNDA:0,_ZNSt3__14fposI11__mbstate_tEC1Ex
FNDA:0,_ZNSt3__14fposI11__mbstate_tEC2Ex
FNDA:0,_ZNKSt3__14fposI11__mbstate_tEcvxEv
FNDA:3,_ZNSt3__112basic_stringIcNS_11char_traitsIcEENS_9allocatorIcEEEC1IDnEEPKc
FNDA:3,_ZNSt3__112basic_stringIcNS_11char_traitsIcEENS_9allocatorIcEEEC2IDnEEPKc
FNDA:64,_ZNKSt3__112basic_stringIcNS_11char_traitsIcEENS_9allocatorIcEEE4sizeEv
FNDA:64,_ZNKSt3__112basic_stringIcNS_11char_traitsIcEENS_9allocatorIcEEE8capacityEv
FNDA:64,_ZNSt3__112basic_stringIcNS_11char_traitsIcEENS_9allocatorIcEEE6resizeEm
FNDA:0,_ZNKSt3__112basic_stringIcNS_11char_traitsIcEENS_9allocatorIcEEE5c_strEv
FNDA:128,_ZNKSt3__112basic_stringIcNS_11char_traitsIcEENS_9allocatorIcEEE4dataEv
FNDA:56,_ZNKSt3__112basic_stringIcNS_11char_traitsIcEENS_9allocatorIcEEE13get_allocatorEv
FNDA:256,_ZNKSt3__112basic_stringIcNS_11char_traitsIcEENS_9allocatorIcEEE9__is_longEv
FNDA:8,_ZNSt3__112basic_stringIcNS_11char_traitsIcEENS_9allocatorIcEEE7__allocEv
FNDA:112,_ZNKSt3__112basic_stringIcNS_11char_traitsIcEENS_9allocatorIcEEE7__allocEv
FNDA:48,_ZNSt3__112basic_stringIcNS_11char_traitsIcEENS_9allocatorIcEEE16__set_short_sizeEm
FNDA:56,_ZNKSt3__112basic_stringIcNS_11char_traitsIcEENS_9allocatorIcEEE16__get_short_sizeEv
FNDA:8,_ZNSt3__112basic_stringIcNS_11char_traitsIcEENS_9allocatorIcEEE15__set_long_sizeEm
FNDA:8,_ZNKSt3__112basic_stringIcNS_11char_traitsIcEENS_9allocatorIcEEE15__get_long_sizeEv
FNDA:8,_ZNSt3__112basic_stringIcNS_11char_traitsIcEENS_9allocatorIcEEE14__set_long_capEm
FNDA:8,_ZNKSt3__112basic_stringIcNS_11char_traitsIcEENS_9allocatorIcEEE14__get_long_capEv
FNDA:8,_ZNSt3__112basic_stringIcNS_11char_traitsIcEENS_9allocatorIcEEE18__set_long_pointerEPc
FNDA:16,_ZNKSt3__112basic_stringIcNS_11char_traitsIcEENS_9allocatorIcEEE18__get_long_pointerEv
FNDA:48,_ZNSt3__112basic_stringIcNS_11char_traitsIcEENS_9allocatorIcEEE19__get_short_pointerEv
FNDA:112,_ZNKSt3__112basic_stringIcNS_11char_traitsIcEENS_9allocatorIcEEE19__get_short_pointerEv
FNDA:128,_ZNKSt3__112basic_stringIcNS_11char_traitsIcEENS_9allocatorIcEEE13__get_pointerEv
FNDA:0,_ZNSt3__112basic_stringIcNS_11char_traitsIcEENS_9allocatorIcEEE6__zeroEv
FNDA:8,_ZNSt3__112basic_stringIcNS_11char_traitsIcEENS_9allocatorIcEEE10__align_itILm16EEEmm
FNDA:8,_ZNSt3__112basic_stringIcNS_11char_traitsIcEENS_9allocatorIcEEE11__recommendEm
FNDA:0,_ZNSt3__112basic_stringIcNS_11char_traitsIcEENS_9allocatorIcEEEC1Ev
FNDA:0,_ZNSt3__112basic_stringIcNS_11char_traitsIcEENS_9allocatorIcEEEC2Ev
FNDA:0,_ZNSt3__112basic_stringIcNS_11char_traitsIcEENS_9allocatorIcEEEC1ERKS4_
FNDA:0,_ZNSt3__112basic_stringIcNS_11char_traitsIcEENS_9allocatorIcEEEC2ERKS4_
FNDA:0,_ZNSt3__112basic_stringIcNS_11char_traitsIcEENS_9allocatorIcEEEC1Emc
FNDA:0,_ZNSt3__112basic_stringIcNS_11char_traitsIcEENS_9allocatorIcEEEC2Emc
FNDA:56,_ZNSt3__112basic_stringIcNS_11char_traitsIcEENS_9allocatorIcEEE6__initIPcEENS_9enable_ifIXsr21__is_forward_iteratorIT_EE5valueEvE4typeES9_S9_
FNDA:56,_ZNSt3__112basic_stringIcNS_11char_traitsIcEENS_9allocatorIcEEEC1IPcEET_S8_RKS4_
FNDA:56,_ZNSt3__112basic_stringIcNS_11char_traitsIcEENS_9allocatorIcEEEC2IPcEET_S8_RKS4_
FNDA:56,_ZNKSt3__112basic_stringIcNS_11char_traitsIcEENS_9allocatorIcEEE8max_sizeEv
FNF:38
FNH:27
DA:538,0
DA:540,0
DA:783,0
DA:811,6
DA:813,3
DA:817,6
DA:828,0
DA:941,192
DA:945,256
DA:946,64
DA:949,64
DA:1226,0
DA:1228,128
DA:1235,56
DA:1406,256
DA:1420,8
DA:1423,112
DA:1450,48
DA:1458,56
DA:1465,8
DA:1468,8
DA:1475,8
DA:1478,8
DA:1482,8
DA:1488,16
DA:1491,48
DA:1494,112
DA:1500,384
DA:1505,0
DA:1506,0
DA:1507,0
DA:1508,0
DA:1513,8
DA:1518,8
DA:1519,16
DA:1520,16
DA:1521,8
DA:1522,8
DA:1523,8
DA:1710,0
DA:1714,0
DA:1715,0
DA:1725,0
DA:1726,0
DA:1730,0
DA:1731,0
DA:1912,0
DA:1913,0
DA:1917,0
DA:2033,56
DA:2034,56
DA:2035,0
DA:2037,56
DA:2039,48
DA:2040,48
DA:2041,48
DA:2044,8
DA:2045,8
DA:2046,8
DA:2047,8
DA:2048,8
DA:2050,1642
DA:2051,765
DA:2052,56
DA:2053,56
DA:2071,56
DA:2072,112
DA:2073,56
DA:2077,112
DA:3078,56
DA:3082,56
LF:71
LH:51
end_of_record
SF:/Library/Developer/CommandLineTools/usr/include/c++/v1/type_traits
FN:449,_ZNSt3__1L9addressofIcEEPT_RS1_
FN:449,_ZNSt3__1L9addressofIKcEEPT_RS2_
FN:2297,_ZNSt3__1L7forwardIRKNS_9allocatorIcEEEEOT_RNS_16remove_referenceIS5_E4typeE
FNDA:112,_ZNSt3__1L9addressofIKcEEPT_RS2_
FNDA:48,_ZNSt3__1L9addressofIcEEPT_RS1_
FNDA:112,_ZNSt3__1L7forwardIRKNS_9allocatorIcEEEEOT_RNS_16remove_referenceIS5_E4typeE
FNF:3
FNH:3
DA:451,160
DA:2299,112
LF:2
LH:2
end_of_record
SF:/Library/Developer/CommandLineTools/usr/include/c++/v1/__locale
DA:234,41
DA:649,41
LF:2
LH:2
end_of_record
SF:/Library/Developer/CommandLineTools/usr/include/c++/v1/__string
DA:208,821
DA:210,0
DA:217,81
DA:231,0
DA:233,0
DA:235,64
DA:237,477
DA:239,1066
LF:8
LH:5
end_of_record
SF:/Library/Developer/CommandLineTools/usr/include/c++/v1/algorithm
DA:721,64
DA:2627,192
DA:2635,64
LF:3
LH:3
end_of_record
SF:/Users/geonsookim/Desktop/misc/gcov-lcov/googletest/googletest/include/gtest/gtest-message.h
FN:91,_ZN7testing7MessageD1Ev
FN:91,_ZN7testing7MessageD2Ev
FNDA:56,_ZN7testing7MessageD1Ev
FNDA:56,_ZN7testing7MessageD2Ev
FNF:2
FNH:2
DA:91,112
LF:1
LH:1
end_of_record
SF:/Users/geonsookim/Desktop/misc/gcov-lcov/googletest/googletest/include/gtest/gtest-printers.h
FN:227,_ZN7testing8internal13StreamPrinter10PrintValueIivEEvRKT_PNSt3__113basic_ostreamIcNS6_11char_traitsIcEEEE
FN:307,_ZN7testing8internal17PrintWithFallbackIiEEvRKT_PNSt3__113basic_ostreamIcNS5_11char_traitsIcEEEE
FN:333,_ZN7testing8internal19FormatForComparisonIiiE6FormatERKi
FN:413,_ZN7testing8internal33FormatForComparisonFailureMessageIiiEENSt3__112basic_stringIcNS2_11char_traitsIcEENS2_9allocatorIcEEEERKT_RKT0_
FN:440,_ZN7testing8internal7PrintToIiEEvRKT_PNSt3__113basic_ostreamIcNS5_11char_traitsIcEEEE
FN:628,_ZN7testing8internal16UniversalPrinterIiE5PrintERKiPNSt3__113basic_ostreamIcNS5_11char_traitsIcEEEE
FN:792,_ZN7testing8internal21UniversalTersePrinterIiE5PrintERKiPNSt3__113basic_ostreamIcNS5_11char_traitsIcEEEE
FN:861,_ZN7testing8internal14UniversalPrintIiEEvRKT_PNSt3__113basic_ostreamIcNS5_11char_traitsIcEEEE
FN:901,_ZN7testing13PrintToStringIiEENSt3__112basic_stringIcNS1_11char_traitsIcEENS1_9allocatorIcEEEERKT_
FNDA:0,_ZN7testing8internal13StreamPrinter10PrintValueIivEEvRKT_PNSt3__113basic_ostreamIcNS6_11char_traitsIcEEEE
FNDA:0,_ZN7testing8internal17PrintWithFallbackIiEEvRKT_PNSt3__113basic_ostreamIcNS5_11char_traitsIcEEEE
FNDA:0,_ZN7testing8internal19FormatForComparisonIiiE6FormatERKi
FNDA:0,_ZN7testing8internal33FormatForComparisonFailureMessageIiiEENSt3__112basic_stringIcNS2_11char_traitsIcEENS2_9allocatorIcEEEERKT_RKT0_
FNDA:0,_ZN7testing8internal7PrintToIiEEvRKT_PNSt3__113basic_ostreamIcNS5_11char_traitsIcEEEE
FNDA:0,_ZN7testing8internal16UniversalPrinterIiE5PrintERKiPNSt3__113basic_ostreamIcNS5_11char_traitsIcEEEE
FNDA:0,_ZN7testing8internal21UniversalTersePrinterIiE5PrintERKiPNSt3__113basic_ostreamIcNS5_11char_traitsIcEEEE
FNDA:0,_ZN7testing8internal14UniversalPrintIiEEvRKT_PNSt3__113basic_ostreamIcNS5_11char_traitsIcEEEE
FNDA:0,_ZN7testing13PrintToStringIiEENSt3__112basic_stringIcNS1_11char_traitsIcEENS1_9allocatorIcEEEERKT_
FNF:9
FNH:0
DA:228,0
DA:229,0
DA:312,0
DA:313,0
DA:334,0
DA:415,0
DA:441,0
DA:442,0
DA:637,0
DA:638,0
DA:793,0
DA:794,0
DA:865,0
DA:866,0
DA:902,0
DA:903,0
DA:904,0
DA:905,0
LF:18
LH:0
end_of_record
SF:/Users/geonsookim/Desktop/misc/gcov-lcov/googletest/googletest/include/gtest/gtest.h
FN:283,_ZN7testing15AssertionResultD1Ev
FN:283,_ZN7testing15AssertionResultD2Ev
FN:324,_ZNK7testing15AssertionResultcvbEv
FN:333,_ZNK7testing15AssertionResult7messageEv
FN:337,_ZNK7testing15AssertionResult15failure_messageEv
FN:427,_ZN7testing4Test14SetUpTestSuiteEv
FN:435,_ZN7testing4Test17TearDownTestSuiteEv
FN:439,_ZN7testing4Test16TearDownTestCaseEv
FN:440,_ZN7testing4Test13SetUpTestCaseEv
FN:521,_ZN7testing4Test5SetupEv
FN:1521,_ZN7testing8internal18CmpHelperEQFailureIiiEENS_15AssertionResultEPKcS4_RKT_RKT0_
FN:1540,_ZN7testing8internal11CmpHelperEQIiiEENS_15AssertionResultEPKcS4_RKT_RKT0_
FN:1568,_ZN7testing8internal8EqHelper7CompareIiiLPv0EEENS_15AssertionResultEPKcS6_RKT_RKT0_
FN:2484,_Z13RUN_ALL_TESTSv
FNDA:7,_ZN7testing15AssertionResultD1Ev
FNDA:7,_ZN7testing15AssertionResultD2Ev
FNDA:7,_ZNK7testing15AssertionResultcvbEv
FNDA:0,_ZNK7testing15AssertionResult7messageEv
FNDA:0,_ZNK7testing15AssertionResult15failure_messageEv
FNDA:0,_ZN7testing4Test14SetUpTestSuiteEv
FNDA:0,_ZN7testing4Test17TearDownTestSuiteEv
FNDA:0,_ZN7testing4Test16TearDownTestCaseEv
FNDA:0,_ZN7testing4Test13SetUpTestCaseEv
FNDA:0,_ZN7testing4Test5SetupEv
FNDA:0,_ZN7testing8internal18CmpHelperEQFailureIiiEENS_15AssertionResultEPKcS4_RKT_RKT0_
FNDA:7,_ZN7testing8internal11CmpHelperEQIiiEENS_15AssertionResultEPKcS4_RKT_RKT0_
FNDA:7,_ZN7testing8internal8EqHelper7CompareIiiLPv0EEENS_15AssertionResultEPKcS6_RKT_RKT0_
FNDA:1,_Z13RUN_ALL_TESTSv
FNF:14
FNH:6
DA:283,14
DA:324,7
DA:334,0
DA:337,0
DA:427,0
DA:435,0
DA:439,0
DA:440,0
DA:521,0
DA:1524,0
DA:1525,0
DA:1526,0
DA:1527,0
DA:1529,0
DA:1544,7
DA:1545,7
DA:1548,0
DA:1549,7
DA:1571,7
DA:2485,2
LF:20
LH:7
end_of_record
SF:/Users/geonsookim/Desktop/misc/gcov-lcov/googletest/googletest/include/gtest/internal/gtest-internal.h
FN:454,_ZN7testing8internal15TestFactoryBaseD0Ev
FN:454,_ZN7testing8internal15TestFactoryBaseD1Ev
FN:454,_ZN7testing8internal15TestFactoryBaseD2Ev
FN:461,_ZN7testing8internal15TestFactoryBaseC2Ev
FN:470,_ZN7testing8internal15TestFactoryImplI20Max_PositiveMax_TestEC2Ev
FN:470,_ZN7testing8internal15TestFactoryImplI20Max_PositiveMax_TestED1Ev
FN:470,_ZN7testing8internal15TestFactoryImplI26Multiply_MultiplyZero_TestED2Ev
FN:470,_ZN7testing8internal15TestFactoryImplI26Multiply_MultiplyZero_TestED1Ev
FN:470,_ZN7testing8internal15TestFactoryImplI26Multiply_MultiplyZero_TestED0Ev
FN:470,_ZN7testing8internal15TestFactoryImplI30Multiply_TwoMultiplyThree_TestED0Ev
FN:470,_ZN7testing8internal15TestFactoryImplI30Multiply_TwoMultiplyThree_TestED2Ev
FN:470,_ZN7testing8internal15TestFactoryImplI26Multiply_MultiplyZero_TestEC1Ev
FN:470,_ZN7testing8internal15TestFactoryImplI30Multiply_TwoMultiplyThree_TestEC2Ev
FN:470,_ZN7testing8internal15TestFactoryImplI30Multiply_TwoMultiplyThree_TestED1Ev
FN:470,_ZN7testing8internal15TestFactoryImplI20Max_PositiveMax_TestEC1Ev
FN:470,_ZN7testing8internal15TestFactoryImplI26Multiply_MultiplyZero_TestEC2Ev
FN:470,_ZN7testing8internal15TestFactoryImplI30Multiply_TwoMultiplyThree_TestEC1Ev
FN:470,_ZN7testing8internal15TestFactoryImplI20Max_PositiveMax_TestED2Ev
FN:470,_ZN7testing8internal15TestFactoryImplI20Max_PositiveMax_TestED0Ev
FN:472,_ZN7testing8internal15TestFactoryImplI20Max_PositiveMax_TestE10CreateTestEv
FN:472,_ZN7testing8internal15TestFactoryImplI30Multiply_TwoMultiplyThree_TestE10CreateTestEv
FN:472,_ZN7testing8internal15TestFactoryImplI26Multiply_MultiplyZero_TestE10CreateTestEv
FN:492,_ZN7testing8internal12CodeLocationD2Ev
FN:492,_ZN7testing8internal12CodeLocationD1Ev
FN:493,_ZN7testing8internal12CodeLocationC1ERKNSt3__112basic_stringIcNS2_11char_traitsIcEENS2_9allocatorIcEEEEi
FN:493,_ZN7testing8internal12CodeLocationC2ERKNSt3__112basic_stringIcNS2_11char_traitsIcEENS2_9allocatorIcEEEEi
FN:506,_ZN7testing8internal19GetNotDefaultOrNullEPFvvES2_
FN:521,_ZN7testing8internal16SuiteApiResolverINS_4TestEE19GetSetUpCaseOrSuiteEPKci
FN:536,_ZN7testing8internal16SuiteApiResolverINS_4TestEE22GetTearDownCaseOrSuiteEPKci
FNDA:0,_ZN7testing8internal15TestFactoryBaseD1Ev
FNDA:0,_ZN7testing8internal15TestFactoryBaseD0Ev
FNDA:3,_ZN7testing8internal15TestFactoryBaseD2Ev
FNDA:3,_ZN7testing8internal15TestFactoryBaseC2Ev
FNDA:1,_ZN7testing8internal15TestFactoryImplI30Multiply_TwoMultiplyThree_TestEC1Ev
FNDA:1,_ZN7testing8internal15TestFactoryImplI26Multiply_MultiplyZero_TestEC1Ev
FNDA:1,_ZN7testing8internal15TestFactoryImplI20Max_PositiveMax_TestEC1Ev
FNDA:1,_ZN7testing8internal15TestFactoryImplI30Multiply_TwoMultiplyThree_TestEC2Ev
FNDA:1,_ZN7testing8internal15TestFactoryImplI30Multiply_TwoMultiplyThree_TestED1Ev
FNDA:1,_ZN7testing8internal15TestFactoryImplI30Multiply_TwoMultiplyThree_TestED0Ev
FNDA:1,_ZN7testing8internal15TestFactoryImplI30Multiply_TwoMultiplyThree_TestED2Ev
FNDA:1,_ZN7testing8internal15TestFactoryImplI26Multiply_MultiplyZero_TestEC2Ev
FNDA:1,_ZN7testing8internal15TestFactoryImplI26Multiply_MultiplyZero_TestED1Ev
FNDA:1,_ZN7testing8internal15TestFactoryImplI26Multiply_MultiplyZero_TestED0Ev
FNDA:1,_ZN7testing8internal15TestFactoryImplI26Multiply_MultiplyZero_TestED2Ev
FNDA:1,_ZN7testing8internal15TestFactoryImplI20Max_PositiveMax_TestEC2Ev
FNDA:1,_ZN7testing8internal15TestFactoryImplI20Max_PositiveMax_TestED1Ev
FNDA:1,_ZN7testing8internal15TestFactoryImplI20Max_PositiveMax_TestED0Ev
FNDA:1,_ZN7testing8internal15TestFactoryImplI20Max_PositiveMax_TestED2Ev
FNDA:1,_ZN7testing8internal15TestFactoryImplI30Multiply_TwoMultiplyThree_TestE10CreateTestEv
FNDA:1,_ZN7testing8internal15TestFactoryImplI26Multiply_MultiplyZero_TestE10CreateTestEv
FNDA:1,_ZN7testing8internal15TestFactoryImplI20Max_PositiveMax_TestE10CreateTestEv
FNDA:9,_ZN7testing8internal12CodeLocationD1Ev
FNDA:9,_ZN7testing8internal12CodeLocationD2Ev
FNDA:3,_ZN7testing8internal12CodeLocationC1ERKNSt3__112basic_stringIcNS2_11char_traitsIcEENS2_9allocatorIcEEEEi
FNDA:3,_ZN7testing8internal12CodeLocationC2ERKNSt3__112basic_stringIcNS2_11char_traitsIcEENS2_9allocatorIcEEEEi
FNDA:12,_ZN7testing8internal19GetNotDefaultOrNullEPFvvES2_
FNDA:3,_ZN7testing8internal16SuiteApiResolverINS_4TestEE19GetSetUpCaseOrSuiteEPKci
FNDA:3,_ZN7testing8internal16SuiteApiResolverINS_4TestEE22GetTearDownCaseOrSuiteEPKci
FNF:29
FNH:27
DA:454,3
DA:461,3
DA:470,15
DA:472,6
DA:492,18
DA:494,6
DA:508,36
DA:523,3
DA:524,3
DA:525,3
DA:526,3
DA:528,9
DA:529,0
DA:531,0
DA:533,9
DA:534,0
DA:538,3
DA:539,3
DA:540,3
DA:541,3
DA:543,9
DA:544,0
DA:546,0
DA:548,9
DA:549,0
LF:25
LH:19
end_of_record
SF:/Users/geonsookim/Desktop/misc/gcov-lcov/googletest/googletest/include/gtest/internal/gtest-port.h
FN:970,_ZN7testing8internal8GTestLog9GetStreamEv
FNDA:0,_ZN7testing8internal8GTestLog9GetStreamEv
FNF:1
FNH:0
DA:970,0
LF:1
LH:0
end_of_record
SF:/Users/geonsookim/Desktop/misc/gcov-lcov/googletest/googletest/include/gtest/internal/gtest-internal.h
DA:454,3
DA:461,3
DA:470,15
DA:472,6
DA:492,18
DA:494,6
DA:508,36
DA:523,3
DA:524,3
DA:525,3
DA:526,3
DA:528,9
DA:529,0
DA:531,0
DA:533,9
DA:534,0
DA:538,3
DA:539,3
DA:540,3
DA:541,3
DA:543,9
DA:544,0
DA:546,0
DA:548,9
DA:549,0
LF:25
LH:19
end_of_record
SF:/Users/geonsookim/Desktop/misc/gcov-lcov/googletest/googletest/include/gtest/gtest-message.h
DA:91,112
LF:1
LH:1
end_of_record
SF:/Users/geonsookim/Desktop/misc/gcov-lcov/googletest/googletest/include/gtest/internal/gtest-port.h
DA:970,0
LF:1
LH:0
end_of_record
SF:/Users/geonsookim/Desktop/misc/gcov-lcov/googletest/googletest/include/gtest/gtest-printers.h
DA:228,0
DA:229,0
DA:312,0
DA:313,0
DA:334,0
DA:415,0
DA:441,0
DA:442,0
DA:637,0
DA:638,0
DA:793,0
DA:794,0
DA:865,0
DA:866,0
DA:902,0
DA:903,0
DA:904,0
DA:905,0
LF:18
LH:0
end_of_record
SF:/Users/geonsookim/Desktop/misc/gcov-lcov/googletest/googletest/include/gtest/gtest.h
DA:283,14
DA:324,7
DA:334,0
DA:337,0
DA:427,0
DA:435,0
DA:439,0
DA:440,0
DA:521,0
DA:1524,0
DA:1525,0
DA:1526,0
DA:1527,0
DA:1529,0
DA:1544,7
DA:1545,7
DA:1548,0
DA:1549,7
DA:1571,7
DA:2485,2
LF:20
LH:7
end_of_record
SF:/Library/Developer/CommandLineTools/usr/include/c++/v1/ios
DA:336,0
DA:337,0
DA:340,413
DA:442,413
DA:504,413
DA:511,413
DA:512,413
DA:513,413
DA:529,0
DA:530,0
DA:614,0
DA:656,0
DA:657,0
DA:693,0
DA:694,0
DA:695,0
DA:696,0
DA:721,413
DA:759,123
DA:760,0
DA:767,413
DA:768,41
DA:769,413
LF:23
LH:11
end_of_record
SF:/Library/Developer/CommandLineTools/usr/include/c++/v1/iosfwd
DA:117,112
DA:126,168
LF:2
LH:2
end_of_record
SF:/Library/Developer/CommandLineTools/usr/include/c++/v1/istream
DA:190,0
DA:191,0
DA:1242,0
DA:1243,0
DA:1244,0
LF:5
LH:0
end_of_record
SF:/Library/Developer/CommandLineTools/usr/include/c++/v1/iterator
DA:584,56
DA:592,56
DA:1050,1239
DA:1062,413
LF:4
LH:4
end_of_record
SF:/Library/Developer/CommandLineTools/usr/include/c++/v1/locale
DA:1386,413
DA:1387,0
DA:1388,413
DA:1389,413
DA:1390,413
DA:1391,0
DA:1393,413
DA:1394,413
DA:1395,413
DA:1397,0
DA:1399,0
DA:1400,0
DA:1402,0
DA:1403,413
DA:1405,0
DA:1406,0
DA:1408,0
DA:1409,0
DA:1411,0
DA:1412,413
DA:1413,413
DA:1415,413
DA:1417,0
DA:1418,0
DA:1420,413
DA:1421,413
DA:1422,413
DA:1423,413
LF:28
LH:15
end_of_record
SF:/Users/geonsookim/Desktop/misc/gcov-lcov/main.cpp
FN:3,_Z8multiplyii
FN:7,_Z5myMaxiii
FNDA:4,_Z8multiplyii
FNDA:3,_Z5myMaxiii
FNF:2
FNH:2
DA:4,4
DA:8,4
DA:9,1
DA:10,4
DA:11,2
DA:12,0
DA:13,3
LF:7
LH:6
end_of_record
SF:/Users/geonsookim/Desktop/misc/gcov-lcov/main_test.cpp
FN:4,_ZN30Multiply_TwoMultiplyThree_TestC1Ev
FN:4,_ZN30Multiply_TwoMultiplyThree_Test8TestBodyEv
FN:4,_ZN30Multiply_TwoMultiplyThree_TestC2Ev
FN:4,__cxx_global_var_init
FN:4,_ZN30Multiply_TwoMultiplyThree_TestD1Ev
FN:4,_ZN30Multiply_TwoMultiplyThree_TestD0Ev
FN:4,_ZN30Multiply_TwoMultiplyThree_TestD2Ev
FN:8,_ZN26Multiply_MultiplyZero_TestD1Ev
FN:8,_ZN26Multiply_MultiplyZero_TestD0Ev
FN:8,_ZN26Multiply_MultiplyZero_TestC2Ev
FN:8,_ZN26Multiply_MultiplyZero_TestC1Ev
FN:8,_ZN26Multiply_MultiplyZero_Test8TestBodyEv
FN:8,__cxx_global_var_init.5
FN:8,_ZN26Multiply_MultiplyZero_TestD2Ev
FN:14,_ZN20Max_PositiveMax_TestC1Ev
FN:14,_ZN20Max_PositiveMax_TestD1Ev
FN:14,_ZN20Max_PositiveMax_Test8TestBodyEv
FN:14,__cxx_global_var_init.11
FN:14,_ZN20Max_PositiveMax_TestD0Ev
FN:14,_ZN20Max_PositiveMax_TestD2Ev
FN:14,_ZN20Max_PositiveMax_TestC2Ev
FN:20,main
FNDA:1,__cxx_global_var_init
FNDA:1,_ZN30Multiply_TwoMultiplyThree_Test8TestBodyEv
FNDA:1,_ZN30Multiply_TwoMultiplyThree_TestD1Ev
FNDA:1,_ZN30Multiply_TwoMultiplyThree_TestD0Ev
FNDA:1,_ZN30Multiply_TwoMultiplyThree_TestC1Ev
FNDA:1,_ZN30Multiply_TwoMultiplyThree_TestC2Ev
FNDA:1,_ZN30Multiply_TwoMultiplyThree_TestD2Ev
FNDA:1,__cxx_global_var_init.5
FNDA:1,_ZN26Multiply_MultiplyZero_Test8TestBodyEv
FNDA:1,_ZN26Multiply_MultiplyZero_TestD1Ev
FNDA:1,_ZN26Multiply_MultiplyZero_TestD0Ev
FNDA:1,_ZN26Multiply_MultiplyZero_TestC1Ev
FNDA:1,_ZN26Multiply_MultiplyZero_TestC2Ev
FNDA:1,_ZN26Multiply_MultiplyZero_TestD2Ev
FNDA:1,__cxx_global_var_init.11
FNDA:1,_ZN20Max_PositiveMax_Test8TestBodyEv
FNDA:1,_ZN20Max_PositiveMax_TestD1Ev
FNDA:1,_ZN20Max_PositiveMax_TestD0Ev
FNDA:1,_ZN20Max_PositiveMax_TestC1Ev
FNDA:1,_ZN20Max_PositiveMax_TestC2Ev
FNDA:1,_ZN20Max_PositiveMax_TestD2Ev
FNDA:1,main
FNF:22
FNH:22
DA:4,14
DA:5,4
DA:6,1
DA:8,14
DA:9,4
DA:10,4
DA:11,4
DA:12,1
DA:14,14
DA:15,5
DA:16,5
DA:17,5
DA:18,1
DA:21,1
DA:22,1
LF:15
LH:15
end_of_record
SF:/Library/Developer/CommandLineTools/usr/include/c++/v1/memory
DA:989,160
DA:1107,128
DA:1546,8
DA:1599,56
DA:1752,56
DA:1797,3
DA:1810,8
DA:1811,0
DA:1813,8
DA:1818,64
DA:2139,59
DA:2160,246
DA:2162,456
DA:2176,3
DA:2184,56
DA:2198,64
DA:2200,112
DA:2230,6
DA:2242,112
DA:2276,246
DA:2281,456
DA:2286,64
DA:2291,112
DA:2335,112
DA:2336,56
DA:2602,126
DA:2617,0
DA:2621,0
DA:2645,63
DA:2646,63
DA:2647,63
DA:2648,56
DA:2649,63
LF:33
LH:30
end_of_record
SF:/Library/Developer/CommandLineTools/usr/include/c++/v1/new
DA:252,8
LF:1
LH:1
end_of_record
SF:/Library/Developer/CommandLineTools/usr/include/c++/v1/ostream
DA:236,0
DA:254,413
DA:721,413
DA:722,826
DA:725,1652
DA:726,413
DA:727,1652
DA:728,0
DA:729,413
DA:730,413
DA:731,413
DA:732,826
DA:733,0
DA:734,413
DA:736,413
DA:739,0
DA:740,0
DA:742,413
DA:743,0
DA:864,41
LF:20
LH:14
end_of_record
SF:/Library/Developer/CommandLineTools/usr/include/c++/v1/sstream
DA:213,0
DA:243,0
DA:244,0
DA:245,0
DA:246,0
DA:441,56
DA:443,56
DA:444,39
DA:445,56
DA:447,0
DA:448,0
DA:449,0
DA:450,56
DA:489,0
DA:490,0
DA:491,0
DA:493,0
DA:494,0
DA:495,0
DA:496,0
DA:497,0
DA:498,0
DA:499,0
DA:505,0
DA:506,0
DA:507,0
DA:509,0
DA:511,0
DA:512,0
DA:514,0
DA:515,0
DA:517,0
DA:518,0
DA:519,0
DA:521,0
DA:522,0
DA:523,0
DA:529,64
DA:531,64
DA:532,64
DA:534,64
DA:535,0
DA:540,192
DA:541,128
DA:542,64
DA:543,64
DA:544,64
DA:545,64
DA:546,64
DA:547,128
DA:549,64
DA:552,0
DA:553,0
DA:555,64
DA:556,64
DA:557,64
DA:559,64
DA:560,64
DA:561,64
DA:562,64
DA:564,0
DA:565,64
DA:573,0
DA:574,0
DA:575,0
DA:576,0
DA:577,0
DA:578,0
DA:579,0
DA:580,0
DA:582,0
DA:585,0
DA:586,0
DA:588,0
DA:589,0
DA:591,0
DA:592,0
DA:594,0
DA:595,0
DA:597,0
DA:599,0
DA:600,0
DA:601,0
DA:602,0
DA:604,0
DA:605,0
DA:606,0
DA:607,0
DA:608,0
DA:609,0
DA:610,0
DA:611,0
DA:613,0
DA:614,0
DA:615,0
DA:616,0
DA:617,0
DA:624,0
DA:885,0
DA:910,0
DA:911,0
DA:912,0
DA:913,0
DA:972,0
LF:104
LH:26
end_of_record
SF:/Library/Developer/CommandLineTools/usr/include/c++/v1/stdexcept
DA:136,0
DA:225,0
DA:230,0
LF:3
LH:0
end_of_record
SF:/Library/Developer/CommandLineTools/usr/include/c++/v1/streambuf
DA:222,64
DA:223,0
DA:224,64
DA:225,64
DA:226,64
DA:230,413
DA:239,64
DA:240,64
DA:241,0
DA:248,64
DA:249,64
DA:250,64
DA:251,64
DA:254,248
DA:255,287
DA:256,64
DA:259,0
DA:262,64
DA:266,64
DA:267,64
DA:268,64
LF:21
LH:18
end_of_record
SF:/Library/Developer/CommandLineTools/usr/include/c++/v1/string
DA:538,0
DA:540,0
DA:783,0
DA:811,6
DA:813,3
DA:817,6
DA:828,0
DA:941,192
DA:945,256
DA:946,64
DA:949,64
DA:1226,0
DA:1228,128
DA:1235,56
DA:1406,256
DA:1420,8
DA:1423,112
DA:1450,48
DA:1458,56
DA:1465,8
DA:1468,8
DA:1475,8
DA:1478,8
DA:1482,8
DA:1488,16
DA:1491,48
DA:1494,112
DA:1500,384
DA:1505,0
DA:1506,0
DA:1507,0
DA:1508,0
DA:1513,8
DA:1518,8
DA:1519,16
DA:1520,16
DA:1521,8
DA:1522,8
DA:1523,8
DA:1710,0
DA:1714,0
DA:1715,0
DA:1725,0
DA:1726,0
DA:1730,0
DA:1731,0
DA:1912,0
DA:1913,0
DA:1917,0
DA:2033,56
DA:2034,56
DA:2035,0
DA:2037,56
DA:2039,48
DA:2040,48
DA:2041,48
DA:2044,8
DA:2045,8
DA:2046,8
DA:2047,8
DA:2048,8
DA:2050,1642
DA:2051,765
DA:2052,56
DA:2053,56
DA:2071,56
DA:2072,112
DA:2073,56
DA:2077,112
DA:3078,56
DA:3082,56
LF:71
LH:51
end_of_record
SF:/Library/Developer/CommandLineTools/usr/include/c++/v1/type_traits
DA:451,160
DA:2299,112
LF:2
LH:2
end_of_record
