        -:    0:Source:main_test.cpp
        -:    0:Graph:main_test.gcno
        -:    0:Data:main_test.gcda
        -:    0:Runs:1
        -:    0:Programs:1
        -:    1:#include "gtest/gtest.h"
        -:    2:#include "main.cpp"
        -:    3:
       14:    4:TEST(Multiply, TwoMultiplyThree) {
        4:    5:	EXPECT_EQ(multiply(2, 3), 6);
        1:    6:}
        -:    7:
       14:    8:TEST(Multiply, MultiplyZero) {
        4:    9:	EXPECT_EQ(multiply(2, 0), 0);
        4:   10:	EXPECT_EQ(multiply(-1, 0), 0);
        4:   11:	EXPECT_EQ(multiply(0, 0), 0);
        1:   12:}
        -:   13:
       14:   14:TEST(Max, PositiveMax) {
        5:   15:	ASSERT_EQ(myMax(1, 3, 2), 3);
        5:   16:	ASSERT_EQ(myMax(2, 3, 2), 3);
        5:   17:	ASSERT_EQ(myMax(5, 5, 5), 5);
        1:   18:}
        -:   19:
        -:   20:int main(int argc, char **argv) {
        1:   21:	::testing::InitGoogleTest(&argc, argv);
        1:   22:	return RUN_ALL_TESTS();
        -:   23:}
